sample.interval=10000
"Rprof" 
"match.arg" "acf" "matrix" "Auto.Q" "null.tests" "sim.null" 
"integrate" "FUN" "lapply" "sapply" "z.int.function" "null.tests" "sim.null" 
"seq" "z.matrix" "z.function" "rz" "null.tests" "sim.null" 
"rnorm" "gen.null" "sim.null" 
"z.matrix" "z2int.function" "null.tests" "sim.null" 
"pchisq" "rz" "null.tests" "sim.null" 
"t" "outer" "acf" "matrix" "Auto.Q" "null.tests" "sim.null" 
"t" "outer" "acf" "matrix" "Auto.Q" "null.tests" "sim.null" 
"z.matrix" "z2int.function" "null.tests" "sim.null" 
"solve" "doTryCatch" "tryCatchOne" "tryCatchList" "tryCatch" "try" "rz" "null.tests" "sim.null" 
"seq" "z.matrix" "z.matrix2" "z2int.function" "null.tests" "sim.null" 
"Auto.Q" "null.tests" "sim.null" 
"z.cov" "rz" "null.tests" "sim.null" 
"ts" "as.ts.default" "as.ts" "na.action" "acf" "matrix" "Auto.Q" "null.tests" "sim.null" 
"conditionMessage" "<Anonymous>" "tryCatchOne" "tryCatchList" "tryCatch" "try" "rz" "null.tests" "sim.null" 
"*" "Auto.VR" "null.tests" "sim.null" 
"seq" "z.matrix" "z.vec.function" "rz" "null.tests" "sim.null" 
"ts" "as.ts.default" "as.ts" "na.action" "acf" "matrix" "Auto.Q" "null.tests" "sim.null" 
"conditionCall.condition" "conditionCall" "<Anonymous>" "tryCatchOne" "tryCatchList" "tryCatch" "try" "rz" "null.tests" "sim.null" 
"z.m" "z2int.function" "null.tests" "sim.null" 
"z.matrix" "z.vec.function" "rz" "null.tests" "sim.null" 
"t" "z.function" "rz" "null.tests" "sim.null" 
"z.matrix" "z2int.function" "null.tests" "sim.null" 
"pmatch" ".deparseOpts" "deparse" "eval" "match.arg" "acf" "matrix" "Auto.Q" "null.tests" "sim.null" 
"strsplit" "<Anonymous>" "tryCatchOne" "tryCatchList" "tryCatch" "try" "rz" "null.tests" "sim.null" 
"seq" "z.matrix" "z2int.function" "null.tests" "sim.null" 
"conditionMessage" "paste0" "<Anonymous>" "tryCatchOne" "tryCatchList" "tryCatch" "try" "rz" "null.tests" "sim.null" 
"%*%" "z2int.function" "null.tests" "sim.null" 
"Auto.VR" "null.tests" "sim.null" 
"paste0" "<Anonymous>" "tryCatchOne" "tryCatchList" "tryCatch" "try" "rz" "null.tests" "sim.null" 
"seq.default" "seq" "z.matrix" "z.function" "rz" "null.tests" "sim.null" 
"z.matrix" "z.int.function" "null.tests" "sim.null" 
"seq" "z.matrix" "z.vec.function" "rz" "null.tests" "sim.null" 
"seq" "z.matrix2" "z2int.function" "null.tests" "sim.null" 
"kfunc" "Auto.VR" "null.tests" "sim.null" 
"$" "conditionMessage.condition" "conditionMessage" "<Anonymous>" "tryCatchOne" "tryCatchList" "tryCatch" "try" "rz" "null.tests" "sim.null" 
"kfunc" "Auto.VR" "null.tests" "sim.null" 
"seq" "z.matrix" "z.vec.function" "rz" "null.tests" "sim.null" 
"structure" "<Anonymous>" "tryCatchOne" "tryCatchList" "tryCatch" "try" "rz" "null.tests" "sim.null" 
"as.ts" "na.action" "acf" "matrix" "Auto.Q" "null.tests" "sim.null" 
"seq" "z.matrix" "z.vec.function" "rz" "null.tests" "sim.null" 
"seq" "z.matrix" "z.matrix2" "z.m" "z2int.function" "null.tests" "sim.null" 
"seq.default" "seq" "z.matrix" "z.vec.function" "rz" "null.tests" "sim.null" 
"seq.default" "seq" "z.matrix" "z.function" "rz" "null.tests" "sim.null" 
"t" "solve" "AR1" "Auto.VR" "null.tests" "sim.null" 
"tryCatchOne" "tryCatchList" "tryCatch" "try" "rz" "null.tests" "sim.null" 
"z2int.function" "null.tests" "sim.null" 
"seq.default" "seq" "z.matrix" "z.int.function" "null.tests" "sim.null" 
"is.data.frame" "colnames" "structure" "acf" "matrix" "Auto.Q" "null.tests" "sim.null" 
"structure" "<Anonymous>" "tryCatchOne" "tryCatchList" "tryCatch" "try" "rz" "null.tests" "sim.null" 
"z.matrix" "z.matrix2" "z2int.function" "null.tests" "sim.null" 
"aperm" "sweep" "acf" "matrix" "Auto.Q" "null.tests" "sim.null" 
"seq" "z.matrix" "z.function" "rz" "null.tests" "sim.null" 
"*" "z.cov" "rz" "null.tests" "sim.null" 
"seq.default" "seq" "z.matrix" "z2int.function" "null.tests" "sim.null" 
"z.vec.function" "rz" "null.tests" "sim.null" 
"z.matrix" "z.function" "rz" "null.tests" "sim.null" 
"seq.default" "seq" "z.matrix" "z.int.function" "null.tests" "sim.null" 
"z.matrix" "z.vec.function" "rz" "null.tests" "sim.null" 
"seq.default" "seq" "z.matrix" "z.matrix2" "z2int.function" "null.tests" "sim.null" 
"solve.default" "solve" "doTryCatch" "tryCatchOne" "tryCatchList" "tryCatch" "try" "rz" "null.tests" "sim.null" 
"$" "conditionMessage.condition" "conditionMessage" "paste0" "<Anonymous>" "tryCatchOne" "tryCatchList" "tryCatch" "try" "rz" "null.tests" "sim.null" 
"kfunc" "Auto.VR" "null.tests" "sim.null" 
"z.matrix" "z.vec.function" "rz" "null.tests" "sim.null" 
"seq" "z.matrix" "z.matrix2" "z2int.function" "null.tests" "sim.null" 
"Auto.Q" "null.tests" "sim.null" 
"seq" "z.matrix" "z.vec.function" "rz" "null.tests" "sim.null" 
"paste0" "<Anonymous>" "tryCatchOne" "tryCatchList" "tryCatch" "try" "rz" "null.tests" "sim.null" 
"seq" "z.matrix" "z.matrix2" "z.m" "z2int.function" "null.tests" "sim.null" 
"z.cov" "solve" "doTryCatch" "tryCatchOne" "tryCatchList" "tryCatch" "try" "rz" "null.tests" "sim.null" 
"kfunc" "Auto.VR" "null.tests" "sim.null" 
"t" "z.cov" "solve" "doTryCatch" "tryCatchOne" "tryCatchList" "tryCatch" "try" "rz" "null.tests" "sim.null" 
"levels" "[.factor" "[" "t.size" "sim.null" 
"mean" "Auto.Q" "null.tests" "sim.null" 
"seq" "z.matrix" "z.matrix2" "z2int.function" "null.tests" "sim.null" 
"solve.default" "solve" "doTryCatch" "tryCatchOne" "tryCatchList" "tryCatch" "try" "rz" "null.tests" "sim.null" 
"frequency" "acf" "matrix" "Auto.Q" "null.tests" "sim.null" 
"seq.default" "seq" "z.matrix" "z.matrix2" "z2int.function" "null.tests" "sim.null" 
"seq" "z.matrix" "z.vec.function" "rz" "null.tests" "sim.null" 
"seq" "z.matrix2" "z.m" "z2int.function" "null.tests" "sim.null" 
"z.matrix" "z.vec.function" "rz" "null.tests" "sim.null" 
"list" "z.int.function" "null.tests" "sim.null" 
"==" "z2int.function" "null.tests" "sim.null" 
"z.vec.function" "rz" "null.tests" "sim.null" 
"seq" "z.matrix" "z.matrix2" "z2int.function" "null.tests" "sim.null" 
"z.vec.function" "rz" "null.tests" "sim.null" 
"gen.null" "sim.null" 
"seq" "z.matrix" "z.matrix2" "z.m" "z2int.function" "null.tests" "sim.null" 
"t" "z.vec.function" "rz" "null.tests" "sim.null" 
"Auto.VR" "null.tests" "sim.null" 
"matrix" "z.matrix" "z.function" "rz" "null.tests" "sim.null" 
"solve" "doTryCatch" "tryCatchOne" "tryCatchList" "tryCatch" "try" "rz" "null.tests" "sim.null" 
"-" "seq.default" "seq" "z.matrix" "z2int.function" "null.tests" "sim.null" 
"z.vec.function" "rz" "null.tests" "sim.null" 
"z.matrix" "z.int.function" "null.tests" "sim.null" 
"seq.default" "seq" "z.matrix" "z.function" "rz" "null.tests" "sim.null" 
"gen.null" "sim.null" 
"matrix" "z.matrix2" "z2int.function" "null.tests" "sim.null" 
"seq" "z.matrix" "z.vec.function" "rz" "null.tests" "sim.null" 
"seq.default" "seq" "z.matrix" "z.int.function" "null.tests" "sim.null" 
"seq.default" "seq" "z.matrix" "z.function" "rz" "null.tests" "sim.null" 
"Auto.Q" "null.tests" "sim.null" 
"z.matrix" "z.matrix2" "z2int.function" "null.tests" "sim.null" 
"seq" "z.matrix" "z.vec.function" "rz" "null.tests" "sim.null" 
"z.matrix" "z.matrix2" "z.m" "z2int.function" "null.tests" "sim.null" 
"seq" "z.matrix" "z.vec.function" "rz" "null.tests" "sim.null" 
"kfunc" "Auto.VR" "null.tests" "sim.null" 
"seq" "z.matrix" "z.function" "rz" "null.tests" "sim.null" 
"seq" "z.matrix" "z.vec.function" "rz" "null.tests" "sim.null" 
"seq.default" "seq" "z.matrix" "z.matrix2" "z.m" "z2int.function" "null.tests" "sim.null" 
"matrix" "z.matrix" "z.vec.function" "rz" "null.tests" "sim.null" 
"seq" "z.matrix" "z.int.function" "null.tests" "sim.null" 
"z.cov" "rz" "null.tests" "sim.null" 
"ts" "as.ts.default" "as.ts" "na.action" "acf" "matrix" "Auto.Q" "null.tests" "sim.null" 
"seq" "z.matrix" "z.matrix2" "z2int.function" "null.tests" "sim.null" 
"seq.default" "seq" "z.matrix" "z.vec.function" "rz" "null.tests" "sim.null" 
"Auto.VR" "null.tests" "sim.null" 
"seq" "z.matrix" "z.function" "rz" "null.tests" "sim.null" 
"Auto.Q" "null.tests" "sim.null" 
"matrix" "z.matrix2" "z2int.function" "null.tests" "sim.null" 
"matrix" "z.cov" "rz" "null.tests" "sim.null" 
"seq" "z.matrix" "z.matrix2" "z.m" "z2int.function" "null.tests" "sim.null" 
"z.vec.function" "rz" "null.tests" "sim.null" 
"matrix" "z.matrix" "z.int.function" "null.tests" "sim.null" 
"seq" "z.matrix" "z.matrix2" "z2int.function" "null.tests" "sim.null" 
"seq" "z.matrix" "z.vec.function" "rz" "null.tests" "sim.null" 
"seq" "z.matrix" "z2int.function" "null.tests" "sim.null" 
"seq.default" "seq" "z.matrix" "z.vec.function" "rz" "null.tests" "sim.null" 
"Auto.VR" "null.tests" "sim.null" 
"seq.default" "seq" "z.matrix" "z.function" "rz" "null.tests" "sim.null" 
"acf" "matrix" "Auto.Q" "null.tests" "sim.null" 
"z.matrix" "z.matrix2" "z2int.function" "null.tests" "sim.null" 
"z.vec.function" "rz" "null.tests" "sim.null" 
"kfunc" "Auto.VR" "null.tests" "sim.null" 
"z.matrix" "z.function" "rz" "null.tests" "sim.null" 
"gen.null" "sim.null" 
"z.m" "z2int.function" "null.tests" "sim.null" 
"solve" "doTryCatch" "tryCatchOne" "tryCatchList" "tryCatch" "try" "rz" "null.tests" "sim.null" 
"Auto.VR" "null.tests" "sim.null" 
"z.matrix" "z.function" "rz" "null.tests" "sim.null" 
"na.action" "acf" "matrix" "Auto.Q" "null.tests" "sim.null" 
"seq.default" "seq" "z.matrix" "z.matrix2" "z.m" "z2int.function" "null.tests" "sim.null" 
"z.vec.function" "rz" "null.tests" "sim.null" 
"seq" "z.matrix" "z.int.function" "null.tests" "sim.null" 
"z.matrix" "z.function" "rz" "null.tests" "sim.null" 
"rnorm" "gen.null" "sim.null" 
"z.matrix" "z.matrix2" "z.m" "z2int.function" "null.tests" "sim.null" 
"seq.default" "seq" "z.matrix" "z.vec.function" "rz" "null.tests" "sim.null" 
"seq.default" "seq" "z.matrix" "z2int.function" "null.tests" "sim.null" 
"z.matrix" "z.vec.function" "rz" "null.tests" "sim.null" 
"matrix" "Auto.Q" "null.tests" "sim.null" 
"seq" "z.matrix" "z.matrix2" "z2int.function" "null.tests" "sim.null" 
"deparse" "mode" "match" "%in%" "deparse" "<Anonymous>" "tryCatchOne" "tryCatchList" "tryCatch" "try" "rz" "null.tests" "sim.null" 
"matrix" "z.matrix2" "z.m" "z2int.function" "null.tests" "sim.null" 
"t" "z.cov" "solve" "doTryCatch" "tryCatchOne" "tryCatchList" "tryCatch" "try" "rz" "null.tests" "sim.null" 
"t" "AR1" "Auto.VR" "null.tests" "sim.null" 
"seq" "z.matrix" "z.matrix2" "z2int.function" "null.tests" "sim.null" 
"seq" "z.matrix" "z.vec.function" "rz" "null.tests" "sim.null" 
"t" "z.int.function" "null.tests" "sim.null" 
"z.matrix" "z.function" "rz" "null.tests" "sim.null" 
"order" "aperm.default" "aperm" "sweep" "acf" "matrix" "Auto.Q" "null.tests" "sim.null" 
"z.matrix" "z.matrix2" "z2int.function" "null.tests" "sim.null" 
"as.matrix" "solve.default" "solve" "doTryCatch" "tryCatchOne" "tryCatchList" "tryCatch" "try" "rz" "null.tests" "sim.null" 
"seq" "z.matrix" "z2int.function" "null.tests" "sim.null" 
"z.matrix" "z.vec.function" "rz" "null.tests" "sim.null" 
"outer" "acf" "matrix" "Auto.Q" "null.tests" "sim.null" 
"seq.default" "seq" "z.matrix" "z.matrix2" "z2int.function" "null.tests" "sim.null" 
"matrix" "z.matrix" "z.vec.function" "rz" "null.tests" "sim.null" 
"seq.default" "seq" "z.matrix" "z.int.function" "null.tests" "sim.null" 
"z.cov" "solve" "doTryCatch" "tryCatchOne" "tryCatchList" "tryCatch" "try" "rz" "null.tests" "sim.null" 
"t" "outer" "acf" "matrix" "Auto.Q" "null.tests" "sim.null" 
"z.matrix" "z.matrix2" "z2int.function" "null.tests" "sim.null" 
"z.vec.function" "rz" "null.tests" "sim.null" 
"z.matrix" "z2int.function" "null.tests" "sim.null" 
"z.matrix" "z.vec.function" "rz" "null.tests" "sim.null" 
"-" "print" "sim.null" 
"print.default" "print" 
